Godot Engine v4.7.stable.official.5b4e0cb0f - https://godotengine.org

Opened database successfully (/Users/navy/Documents/Game/godot-tiny-mmo/source/server/world/data/classic.db)
Successfully connected to the MasterServer as WorldServer - Peer ID:28815661!
Checking unload_unused_instances
Checking unload_unused_instances
Checking unload_unused_instances
Checking unload_unused_instances
Checking unload_unused_instances
Checking unload_unused_instances
Checking unload_unused_instances
Checking unload_unused_instances
Checking unload_unused_instances
Checking unload_unused_instances
Checking unload_unused_instances
Checking unload_unused_instances
Checking unload_unused_instances
Checking unload_unused_instances
Checking unload_unused_instances
[2026-06-28 15:45:18 UTC] [INFO] Periodic save: 0 player(s) flushed, backup ok.
Checking unload_unused_instances
Checking unload_unused_instances
Checking unload_unused_instances
Checking unload_unused_instances
Checking unload_unused_instances
Checking unload_unused_instances
